<?xml version="1.0" encoding="UTF-8"?>
<!-- Generated by org.testng.reporters.JUnitReportReporter -->
<testsuite skipped="0" hostname="GrishmaDoshi-PC" name="com.seleniumlearn.app.FirstTest" tests="1" failures="0" timestamp="25 Nov 2018 05:44:30 GMT" time="0.031" errors="0">
  <testcase name="firstMavenRun" time="0.031" classname="com.seleniumlearn.app.FirstTest"/>
</testsuite> <!-- com.seleniumlearn.app.FirstTest -->
